<?xml version="1.0" encoding="UTF-8"?>
<testng-results ignored="0" total="1" passed="1" failed="0" skipped="0">
  <reporter-output>
  </reporter-output>
  <suite started-at="2022-09-19T11:10:42 IST" name="Default suite" finished-at="2022-09-19T11:11:32 IST" duration-ms="49374">
    <groups>
    </groups>
    <test started-at="2022-09-19T11:10:42 IST" name="Default test" finished-at="2022-09-19T11:11:32 IST" duration-ms="49374">
      <class name="project.Home_Page">
        <test-method signature="homepage()[pri:0, instance:project.Home_Page@6bedbc4d]" started-at="2022-09-19T11:10:43 IST" name="homepage" finished-at="2022-09-19T11:11:32 IST" duration-ms="49306" status="PASS">
          <reporter-output>
          </reporter-output>
        </test-method> <!-- homepage -->
      </class> <!-- project.Home_Page -->
    </test> <!-- Default test -->
  </suite> <!-- Default suite -->
</testng-results>
